<?xml version="1.0" encoding="UTF-8" standalone="no"?><testsuite errors="0" failures="2" name="Api testing Framework[EMC]" skipped="0" tests="48" time="25.35" timestamp="2024-11-25 02:40:19"><testcase name="get current month consumption"><failure message="expected:&lt;200&gt; but was:&lt;401&gt;" type="java.lang.AssertionError">expected:&lt;200&gt; but was:&lt;401&gt;</failure><system-err>expected:&lt;200&gt; but was:&lt;401&gt;&#13;
steps.stepsEmcApi.user_validates(stepsEmcApi.java:85)&#13;
✽.validate the response code "200"(file:///C:/Users/Abhishek/git/abhishekFinal/apiTesting1/src/test/resources/features/EmcApi.feature:7)&#13;
</system-err></testcase><testcase name="Send OTP to emailId"/><testcase name="get the refresh Token"/><testcase name="get the accesstoken"/><testcase name="get organisation id"/><testcase name="get total organization live power"/><testcase name="get total bot data and energy consumption"/><testcase name="get total graph data"/><testcase name="get individual  graph data"/><testcase name="get day wise bot data"/><testcase name="get top three consumers"/><testcase name="get day wise all bots data"/><testcase name="get details of the user"/><testcase name="get the bot details"/><testcase name="update the sensor bot details"/><testcase name="update the user details"/><testcase name="create support ticket"/><testcase name="get the ticket status"/><testcase name="get tag list"/><testcase name="update organization details"/><testcase name="get all the unread alerts"/><testcase name="mark the alert as read"/><testcase name="verify  email and signup successfully"/><testcase name="send the reset password link to the registered emailId"/><testcase name="crate a new organization"/><testcase name="reset the password"><failure message="expected:&lt;200&gt; but was:&lt;401&gt;" type="java.lang.AssertionError">expected:&lt;200&gt; but was:&lt;401&gt;</failure><system-err>expected:&lt;200&gt; but was:&lt;401&gt;&#13;
steps.stepsEmcApi.user_validates(stepsEmcApi.java:85)&#13;
✽.validate the response code "200"(file:///C:/Users/Abhishek/git/abhishekFinal/apiTesting1/src/test/resources/features/EmcApi.feature:245)&#13;
</system-err></testcase></testsuite>