<?xml version="1.0" encoding="UTF-8" standalone="no"?><testsuite errors="0" failures="0" name="Api testing Framework[EMC]" skipped="0" tests="50" time="38.19" timestamp="2025-03-05 05:47:23"><testcase name="Send OTP to emailId"/><testcase name="get the refresh Token"/><testcase name="get the accesstoken"/><testcase name="get organisation id"/><testcase name="get current month consumption"/><testcase name="get total organization live power"/><testcase name="get total bot data and energy consumption"/><testcase name="get total graph data"/><testcase name="get individual  graph data"/><testcase name="get day wise all bots data"/><testcase name="get top three consumers"/><testcase name="get all the unread alerts"/><testcase name="mark the alert as read"/><testcase name="get day wise bot data"/><testcase name="get current month consumption"/><testcase name="get details of the user"/><testcase name="update the user details"/><testcase name="get the bot details"/><testcase name="get the total bots of organization"/><testcase name="get tag list"/><testcase name="update the sensor bot details"/><testcase name="create support ticket"/><testcase name="get the ticket status"/><testcase name="update organization details"/><testcase name="verify  email and signup successfully"/><testcase name="send the reset password link to the registered emailId"/><testcase name="create a new organization"/><testcase name="reset the password"/></testsuite>